<?xml version="1.0" encoding="UTF-8"?>
<!-- Generated by org.testng.reporters.JUnitXMLReporter -->
<testsuite ignored="0" hostname="DESKTOP-MLRQ8M2" failures="0" tests="16" name="testng" time="41.143" errors="0" timestamp="2024-05-28T12:33:42 IST">
  <testcase classname="com.util.BaseClass" name="launchApp" time="4.751"/>
  <testcase classname="com.util.BaseClass" name="verifypageIndex" time="0.013"/>
  <testcase classname="com.util.BaseClass" name="verifyLink" time="0.461"/>
  <testcase classname="com.util.BaseClass" name="verifyImagelogoOnPage" time="0.09"/>
  <testcase classname="com.util.BaseClass" name="verifyAddCustomerPage" time="1.842"/>
  <testcase classname="com.util.BaseClass" name="verifyaddcustomerDetails" time="4.281"/>
  <testcase classname="com.util.BaseClass" name="verifyaccessdetails" time="4.082"/>
  <testcase classname="com.util.BaseClass" name="verifyredirectHome" time="0.654"/>
  <testcase classname="com.util.BaseClass" name="verifygoToAddTrafficPlan" time="6.43"/>
  <testcase classname="com.util.BaseClass" name="verifyaddTrafficPlanDetails" time="6.951"/>
  <testcase classname="com.util.BaseClass" name="verifgoATPHome" time="0.65"/>
  <testcase classname="com.util.BaseClass" name="verifyAddtrafficpalantocustomerPage" time="0.749"/>
  <testcase classname="com.util.BaseClass" name="verifyenteredCustomerID" time="0.713"/>
  <testcase classname="com.util.BaseClass" name="verifyClickonAddplanCustomer" time="3.579"/>
  <testcase classname="com.util.BaseClass" name="verifysuccesssmsg" time="2.084"/>
  <testcase classname="com.util.BaseClass" name="verifyHomePage" time="0.383"/>
</testsuite> <!-- testng -->
