<?xml version="1.0" encoding="UTF-8"?>
<!-- Generated by org.testng.reporters.JUnitXMLReporter -->
<testsuite ignored="0" hostname="DESKTOP-MLRQ8M2" failures="0" tests="13" name="testng" time="34.845" errors="0" timestamp="2023-05-15T18:32:20 IST">
  <testcase classname="com.util.BaseClass" name="launchApp" time="2.667"/>
  <testcase classname="com.util.BaseClass" name="verifypageIndex" time="0.017"/>
  <testcase classname="com.util.BaseClass" name="verifyLink" time="0.371"/>
  <testcase classname="com.util.BaseClass" name="verifyImagelogoOnPage" time="0.125"/>
  <testcase classname="com.util.BaseClass" name="verifyAddCustomerPage" time="2.255"/>
  <testcase classname="com.util.BaseClass" name="verifyaddcustomerDetails" time="3.924"/>
  <testcase classname="com.util.BaseClass" name="verifyaccessdetails" time="4.086"/>
  <testcase classname="com.util.BaseClass" name="verifyredirectHome" time="0.589"/>
  <testcase classname="com.util.BaseClass" name="verifygoToAddTrafficPlan" time="6.035"/>
  <testcase classname="com.util.BaseClass" name="verifyaddTrafficPlanDetails" time="6.953"/>
  <testcase classname="com.util.BaseClass" name="verifgoATPHome" time="0.729"/>
  <testcase classname="com.util.BaseClass" name="verifyAddtrafficpalantocustomerPage" time="0.851"/>
  <testcase classname="com.util.BaseClass" name="verifyenteredCustomerID" time="1.029"/>
</testsuite> <!-- testng -->
