<?xml version="1.0" encoding="UTF-8"?>
<testsuite xmlns:xsi="http://www.w3.org/2001/XMLSchema-instance" xsi:noNamespaceSchemaLocation="https://maven.apache.org/surefire/maven-surefire-plugin/xsd/surefire-test-report-3.0.xsd" version="3.0" name="TestSuite" time="35.848" tests="13" errors="0" skipped="0" failures="0">
  <properties>
[...]
</properties>
  <testcase name="launchApp" classname="com.util.BaseClass" time="2.648">
    <system-err><![CDATA[SLF4J: No SLF4J providers were found.
SLF4J: Defaulting to no-operation (NOP) logger implementation
SLF4J: See https://www.slf4j.org/codes.html#noProviders for further details.
Starting ChromeDriver 113.0.5672.63 (0e1a4471d5ae5bf128b1bd8f4d627c8cbd55f70c-refs/branch-heads/5672@{#912}) on port 25787
Only local connections are allowed.
Please see https://chromedriver.chromium.org/security-considerations for suggestions on keeping ChromeDriver safe.
ChromeDriver was started successfully.
May 15, 2023 6:31:50 PM org.openqa.selenium.remote.ProtocolHandshake createSession
INFO: Detected dialect: W3C
]]></system-err>
  </testcase>
  <testcase name="verifypageIndex" classname="com.util.BaseClass" time="0.018">
    <system-out><![CDATA[Guru99 Telecom
]]></system-out>
  </testcase>
  <testcase name="verifyLink" classname="com.util.BaseClass" time="0.371">
    <system-out><![CDATA[verify link is visible on the page
Add Tariff Plan to Customer is visible on the page
Add Tariff Plan is visible on the page
Pay Billing page is visible on the Page
]]></system-out>
  </testcase>
  <testcase name="verifyImagelogoOnPage" classname="com.util.BaseClass" time="0.124"/>
  <testcase name="verifyAddCustomerPage" classname="com.util.BaseClass" time="2.257"/>
  <testcase name="verifyaddcustomerDetails" classname="com.util.BaseClass" time="3.925">
    <system-out><![CDATA[1
2
3
4
5
6
7
]]></system-out>
  </testcase>
  <testcase name="verifyaccessdetails" classname="com.util.BaseClass" time="4.087">
    <system-out><![CDATA[Customer ID 488328
]]></system-out>
  </testcase>
  <testcase name="verifyredirectHome" classname="com.util.BaseClass" time="0.589"/>
  <testcase name="verifygoToAddTrafficPlan" classname="com.util.BaseClass" time="6.035"/>
  <testcase name="verifyaddTrafficPlanDetails" classname="com.util.BaseClass" time="6.953"/>
  <testcase name="verifgoATPHome" classname="com.util.BaseClass" time="0.728"/>
  <testcase name="verifyAddtrafficpalantocustomerPage" classname="com.util.BaseClass" time="0.85"/>
  <testcase name="verifyenteredCustomerID" classname="com.util.BaseClass" time="1.03">
    <system-out><![CDATA[488328
]]></system-out>
  </testcase>
</testsuite>