<?xml version="1.0" encoding="UTF-8"?>
<testng-results ignored="0" total="13" passed="13" failed="0" skipped="0">
  <reporter-output>
  </reporter-output>
  <suite started-at="2023-05-15T18:31:45 IST" name="Suite" finished-at="2023-05-15T18:32:20 IST" duration-ms="34845">
    <groups>
    </groups>
    <test started-at="2023-05-15T18:31:45 IST" name="testng" finished-at="2023-05-15T18:32:20 IST" duration-ms="34845">
      <class name="com.util.BaseClass">
        <test-method is-config="true" signature="startSession()[pri:0, instance:com.util.BaseClass@3232a28a]" started-at="2023-05-15T18:31:45 IST" name="startSession" finished-at="2023-05-15T18:31:51 IST" duration-ms="5133" status="PASS">
          <reporter-output>
          </reporter-output>
        </test-method> <!-- startSession -->
        <test-method signature="launchApp()[pri:1, instance:com.util.BaseClass@3232a28a]" started-at="2023-05-15T18:31:51 IST" name="launchApp" finished-at="2023-05-15T18:31:53 IST" duration-ms="2667" status="PASS">
          <reporter-output>
          </reporter-output>
        </test-method> <!-- launchApp -->
        <test-method signature="verifypageIndex()[pri:2, instance:com.util.BaseClass@3232a28a]" started-at="2023-05-15T18:31:53 IST" name="verifypageIndex" finished-at="2023-05-15T18:31:53 IST" duration-ms="17" status="PASS">
          <reporter-output>
          </reporter-output>
        </test-method> <!-- verifypageIndex -->
        <test-method signature="verifyLink()[pri:3, instance:com.util.BaseClass@3232a28a]" started-at="2023-05-15T18:31:53 IST" name="verifyLink" finished-at="2023-05-15T18:31:54 IST" duration-ms="371" status="PASS">
          <reporter-output>
          </reporter-output>
        </test-method> <!-- verifyLink -->
        <test-method signature="verifyImagelogoOnPage()[pri:4, instance:com.util.BaseClass@3232a28a]" started-at="2023-05-15T18:31:54 IST" name="verifyImagelogoOnPage" finished-at="2023-05-15T18:31:54 IST" duration-ms="125" status="PASS">
          <reporter-output>
          </reporter-output>
        </test-method> <!-- verifyImagelogoOnPage -->
        <test-method signature="verifyAddCustomerPage()[pri:5, instance:com.util.BaseClass@3232a28a]" started-at="2023-05-15T18:31:54 IST" name="verifyAddCustomerPage" finished-at="2023-05-15T18:31:56 IST" duration-ms="2255" status="PASS">
          <reporter-output>
          </reporter-output>
        </test-method> <!-- verifyAddCustomerPage -->
        <test-method signature="verifyaddcustomerDetails()[pri:6, instance:com.util.BaseClass@3232a28a]" started-at="2023-05-15T18:31:56 IST" name="verifyaddcustomerDetails" finished-at="2023-05-15T18:32:00 IST" duration-ms="3924" status="PASS">
          <reporter-output>
          </reporter-output>
        </test-method> <!-- verifyaddcustomerDetails -->
        <test-method signature="verifyaccessdetails()[pri:7, instance:com.util.BaseClass@3232a28a]" started-at="2023-05-15T18:32:00 IST" name="verifyaccessdetails" finished-at="2023-05-15T18:32:04 IST" duration-ms="4086" status="PASS">
          <reporter-output>
          </reporter-output>
        </test-method> <!-- verifyaccessdetails -->
        <test-method signature="verifyredirectHome()[pri:8, instance:com.util.BaseClass@3232a28a]" started-at="2023-05-15T18:32:04 IST" name="verifyredirectHome" finished-at="2023-05-15T18:32:05 IST" duration-ms="589" status="PASS">
          <reporter-output>
          </reporter-output>
        </test-method> <!-- verifyredirectHome -->
        <test-method signature="verifygoToAddTrafficPlan()[pri:9, instance:com.util.BaseClass@3232a28a]" started-at="2023-05-15T18:32:05 IST" name="verifygoToAddTrafficPlan" finished-at="2023-05-15T18:32:11 IST" duration-ms="6035" status="PASS">
          <reporter-output>
          </reporter-output>
        </test-method> <!-- verifygoToAddTrafficPlan -->
        <test-method signature="verifyaddTrafficPlanDetails()[pri:10, instance:com.util.BaseClass@3232a28a]" started-at="2023-05-15T18:32:11 IST" name="verifyaddTrafficPlanDetails" finished-at="2023-05-15T18:32:18 IST" duration-ms="6953" status="PASS">
          <reporter-output>
          </reporter-output>
        </test-method> <!-- verifyaddTrafficPlanDetails -->
        <test-method signature="verifgoATPHome()[pri:11, instance:com.util.BaseClass@3232a28a]" started-at="2023-05-15T18:32:18 IST" name="verifgoATPHome" finished-at="2023-05-15T18:32:18 IST" duration-ms="729" status="PASS">
          <reporter-output>
          </reporter-output>
        </test-method> <!-- verifgoATPHome -->
        <test-method signature="verifyAddtrafficpalantocustomerPage()[pri:12, instance:com.util.BaseClass@3232a28a]" started-at="2023-05-15T18:32:18 IST" name="verifyAddtrafficpalantocustomerPage" finished-at="2023-05-15T18:32:19 IST" duration-ms="851" status="PASS">
          <reporter-output>
          </reporter-output>
        </test-method> <!-- verifyAddtrafficpalantocustomerPage -->
        <test-method signature="verifyenteredCustomerID()[pri:13, instance:com.util.BaseClass@3232a28a]" started-at="2023-05-15T18:32:19 IST" name="verifyenteredCustomerID" finished-at="2023-05-15T18:32:20 IST" duration-ms="1029" status="PASS">
          <reporter-output>
          </reporter-output>
        </test-method> <!-- verifyenteredCustomerID -->
        <test-method is-config="true" signature="endSession()[pri:0, instance:com.util.BaseClass@3232a28a]" started-at="2023-05-15T18:32:20 IST" name="endSession" finished-at="2023-05-15T18:32:20 IST" duration-ms="0" status="PASS">
          <reporter-output>
          </reporter-output>
        </test-method> <!-- endSession -->
      </class> <!-- com.util.BaseClass -->
    </test> <!-- testng -->
  </suite> <!-- Suite -->
</testng-results>
