<?xml version="1.0" encoding="UTF-8"?>
<testng-results ignored="0" total="16" passed="16" failed="0" skipped="0">
  <reporter-output>
  </reporter-output>
  <suite started-at="2024-05-28T12:33:01 IST" name="Suite" finished-at="2024-05-28T12:33:42 IST" duration-ms="41143">
    <groups>
    </groups>
    <test started-at="2024-05-28T12:33:01 IST" name="testng" finished-at="2024-05-28T12:33:42 IST" duration-ms="41143">
      <class name="com.util.BaseClass">
        <test-method is-config="true" signature="startSession()[pri:0, instance:com.util.BaseClass@2ea41516]" started-at="2024-05-28T12:33:01 IST" name="startSession" finished-at="2024-05-28T12:33:04 IST" duration-ms="3337" status="PASS">
          <reporter-output>
          </reporter-output>
        </test-method> <!-- startSession -->
        <test-method signature="launchApp()[pri:1, instance:com.util.BaseClass@2ea41516]" started-at="2024-05-28T12:33:04 IST" name="launchApp" finished-at="2024-05-28T12:33:09 IST" duration-ms="4751" status="PASS">
          <reporter-output>
          </reporter-output>
        </test-method> <!-- launchApp -->
        <test-method signature="verifypageIndex()[pri:2, instance:com.util.BaseClass@2ea41516]" started-at="2024-05-28T12:33:09 IST" name="verifypageIndex" finished-at="2024-05-28T12:33:09 IST" duration-ms="13" status="PASS">
          <reporter-output>
          </reporter-output>
        </test-method> <!-- verifypageIndex -->
        <test-method signature="verifyLink()[pri:3, instance:com.util.BaseClass@2ea41516]" started-at="2024-05-28T12:33:09 IST" name="verifyLink" finished-at="2024-05-28T12:33:09 IST" duration-ms="461" status="PASS">
          <reporter-output>
          </reporter-output>
        </test-method> <!-- verifyLink -->
        <test-method signature="verifyImagelogoOnPage()[pri:4, instance:com.util.BaseClass@2ea41516]" started-at="2024-05-28T12:33:09 IST" name="verifyImagelogoOnPage" finished-at="2024-05-28T12:33:10 IST" duration-ms="90" status="PASS">
          <reporter-output>
          </reporter-output>
        </test-method> <!-- verifyImagelogoOnPage -->
        <test-method signature="verifyAddCustomerPage()[pri:5, instance:com.util.BaseClass@2ea41516]" started-at="2024-05-28T12:33:10 IST" name="verifyAddCustomerPage" finished-at="2024-05-28T12:33:11 IST" duration-ms="1842" status="PASS">
          <reporter-output>
          </reporter-output>
        </test-method> <!-- verifyAddCustomerPage -->
        <test-method signature="verifyaddcustomerDetails()[pri:6, instance:com.util.BaseClass@2ea41516]" started-at="2024-05-28T12:33:11 IST" name="verifyaddcustomerDetails" finished-at="2024-05-28T12:33:16 IST" duration-ms="4281" status="PASS">
          <reporter-output>
          </reporter-output>
        </test-method> <!-- verifyaddcustomerDetails -->
        <test-method signature="verifyaccessdetails()[pri:7, instance:com.util.BaseClass@2ea41516]" started-at="2024-05-28T12:33:16 IST" name="verifyaccessdetails" finished-at="2024-05-28T12:33:20 IST" duration-ms="4082" status="PASS">
          <reporter-output>
          </reporter-output>
        </test-method> <!-- verifyaccessdetails -->
        <test-method signature="verifyredirectHome()[pri:8, instance:com.util.BaseClass@2ea41516]" started-at="2024-05-28T12:33:20 IST" name="verifyredirectHome" finished-at="2024-05-28T12:33:20 IST" duration-ms="654" status="PASS">
          <reporter-output>
          </reporter-output>
        </test-method> <!-- verifyredirectHome -->
        <test-method signature="verifygoToAddTrafficPlan()[pri:9, instance:com.util.BaseClass@2ea41516]" started-at="2024-05-28T12:33:20 IST" name="verifygoToAddTrafficPlan" finished-at="2024-05-28T12:33:27 IST" duration-ms="6430" status="PASS">
          <reporter-output>
          </reporter-output>
        </test-method> <!-- verifygoToAddTrafficPlan -->
        <test-method signature="verifyaddTrafficPlanDetails()[pri:10, instance:com.util.BaseClass@2ea41516]" started-at="2024-05-28T12:33:27 IST" name="verifyaddTrafficPlanDetails" finished-at="2024-05-28T12:33:34 IST" duration-ms="6951" status="PASS">
          <reporter-output>
          </reporter-output>
        </test-method> <!-- verifyaddTrafficPlanDetails -->
        <test-method signature="verifgoATPHome()[pri:11, instance:com.util.BaseClass@2ea41516]" started-at="2024-05-28T12:33:34 IST" name="verifgoATPHome" finished-at="2024-05-28T12:33:34 IST" duration-ms="650" status="PASS">
          <reporter-output>
          </reporter-output>
        </test-method> <!-- verifgoATPHome -->
        <test-method signature="verifyAddtrafficpalantocustomerPage()[pri:12, instance:com.util.BaseClass@2ea41516]" started-at="2024-05-28T12:33:34 IST" name="verifyAddtrafficpalantocustomerPage" finished-at="2024-05-28T12:33:35 IST" duration-ms="749" status="PASS">
          <reporter-output>
          </reporter-output>
        </test-method> <!-- verifyAddtrafficpalantocustomerPage -->
        <test-method signature="verifyenteredCustomerID()[pri:13, instance:com.util.BaseClass@2ea41516]" started-at="2024-05-28T12:33:35 IST" name="verifyenteredCustomerID" finished-at="2024-05-28T12:33:36 IST" duration-ms="713" status="PASS">
          <reporter-output>
          </reporter-output>
        </test-method> <!-- verifyenteredCustomerID -->
        <test-method signature="verifyClickonAddplanCustomer()[pri:14, instance:com.util.BaseClass@2ea41516]" started-at="2024-05-28T12:33:36 IST" name="verifyClickonAddplanCustomer" finished-at="2024-05-28T12:33:40 IST" duration-ms="3579" status="PASS">
          <reporter-output>
          </reporter-output>
        </test-method> <!-- verifyClickonAddplanCustomer -->
        <test-method signature="verifysuccesssmsg()[pri:15, instance:com.util.BaseClass@2ea41516]" started-at="2024-05-28T12:33:40 IST" name="verifysuccesssmsg" finished-at="2024-05-28T12:33:42 IST" duration-ms="2084" status="PASS">
          <reporter-output>
          </reporter-output>
        </test-method> <!-- verifysuccesssmsg -->
        <test-method signature="verifyHomePage()[pri:16, instance:com.util.BaseClass@2ea41516]" started-at="2024-05-28T12:33:42 IST" name="verifyHomePage" finished-at="2024-05-28T12:33:42 IST" duration-ms="383" status="PASS">
          <reporter-output>
          </reporter-output>
        </test-method> <!-- verifyHomePage -->
        <test-method is-config="true" signature="endSession()[pri:0, instance:com.util.BaseClass@2ea41516]" started-at="2024-05-28T12:33:42 IST" name="endSession" finished-at="2024-05-28T12:33:42 IST" duration-ms="0" status="PASS">
          <reporter-output>
          </reporter-output>
        </test-method> <!-- endSession -->
      </class> <!-- com.util.BaseClass -->
    </test> <!-- testng -->
  </suite> <!-- Suite -->
</testng-results>
